C51 COMPILER V9.00   DIGDISPLAY                                                            08/04/2018 16:19:03 PAGE 1   


C51 COMPILER V9.00, COMPILATION OF MODULE DIGDISPLAY
OBJECT MODULE PLACED IN DigDisplay.OBJ
COMPILER INVOKED BY: E:\keil\C51\BIN\C51.EXE DigDisplay.c BROWSE DEBUG OBJECTEXTEND

line level    source

   1          #include"header.h"
   2          
   3          uchar DisplayData[8];    //动态数码管显示值
   4          
   5          /*******************************************************************************
   6          * 函 数 名         : DisplayDatapros() 
   7          * 函数功能                 : 选择要显示的段码
   8          *******************************************************************************/
   9          void DisplayDatapros()
  10          {
  11   1              uchar i;
  12   1              switch(DisplayChoice)            //根据DisplayChoice的值选择要显示的值
  13   1              {
  14   2                      case 1:
  15   2                              for(i = 0; i < 8; i++)
  16   2                              {
  17   3                                      DisplayData[i] = DisplayData1[i];          //将温度采集值的段码确定为动态数码管显示值
  18   3                              }
  19   2                              break;
  20   2                      case 2:
  21   2                              for(i = 0; i < 8; i++)
  22   2                              {
  23   3                                      DisplayData[i] = DisplayData2[i];          //将温度阈值的段码确定为动态数码管显示值
  24   3                              }                                                                                  
  25   2                              break;
  26   2                      case 3:
  27   2                              for(i = 0; i < 8; i++)
  28   2                              {
  29   3                                      DisplayData[i] = DisplayData3[i];          //将速度设定值的段码确定为动态数码管显示值
  30   3                              }
  31   2                              break;
  32   2              }
  33   1      }
  34          
  35          
  36          /*******************************************************************************
  37          * 函数名         :DigDisplay()
  38          * 函数功能               :数码管显示函数
  39          * 输入           : 无
  40          * 输出           : 无
  41          *******************************************************************************/
  42          void DigDisplay()
  43          {
  44   1              uchar i;
  45   1              DisplayDatapros();
  46   1              for(i=0;i<8;i++)
  47   1              {
  48   2                      switch(i)        //位选，选择点亮的数码管，
  49   2                      {
  50   3                              case(0):
  51   3                                      LSA=0;LSB=0;LSC=0; break;//显示第0位
  52   3                              case(1):
  53   3                                      LSA=1;LSB=0;LSC=0; break;//显示第1位
  54   3                              case(2):
  55   3                                      LSA=0;LSB=1;LSC=0; break;//显示第2位
C51 COMPILER V9.00   DIGDISPLAY                                                            08/04/2018 16:19:03 PAGE 2   

  56   3                              case(3):
  57   3                                      LSA=1;LSB=1;LSC=0; break;//显示第3位
  58   3                              case(4):
  59   3                                      LSA=0;LSB=0;LSC=1; break;//显示第4位
  60   3                              case(5):
  61   3                                      LSA=1;LSB=0;LSC=1; break;//显示第5位
  62   3                              case(6):
  63   3                                      LSA=0;LSB=1;LSC=1; break;//显示第5位
  64   3                              case(7):
  65   3                                      LSA=1;LSB=1;LSC=1; break;//显示第5位    
  66   3                                              
  67   3                      }
  68   2                      P0=DisplayData[i];//发送数据
  69   2                      delay(20); //间隔一段时间扫描   
  70   2                      P0=0x00;//消隐
  71   2              }               
  72   1      }
  73          
  74          
  75          
  76          
  77          
  78          
  79          
  80          
  81          
  82          
  83          
  84          
  85          
  86          


MODULE INFORMATION:   STATIC OVERLAYABLE
   CODE SIZE        =    192    ----
   CONSTANT SIZE    =   ----    ----
   XDATA SIZE       =   ----    ----
   PDATA SIZE       =   ----    ----
   DATA SIZE        =      8       1
   IDATA SIZE       =   ----    ----
   BIT SIZE         =   ----    ----
END OF MODULE INFORMATION.


C51 COMPILATION COMPLETE.  0 WARNING(S),  0 ERROR(S)
