C51 COMPILER V9.00   IIC                                                                   08/04/2018 16:19:03 PAGE 1   


C51 COMPILER V9.00, COMPILATION OF MODULE IIC
OBJECT MODULE PLACED IN IIC.OBJ
COMPILER INVOKED BY: E:\keil\C51\BIN\C51.EXE IIC.c BROWSE DEBUG OBJECTEXTEND

line level    source

   1          /*******************************************************************************
   2          * 利用iic发送数据
   3          * 
   4          *******************************************************************************/
   5          #include "header.h"
   6          
   7          /*******************************************************************************
   8          * 函数名         : Delay10us()
   9          * 函数功能                 : 延时10us
  10          * 输入           : 无
  11          * 输出           : 无
  12          *******************************************************************************/
  13          
  14          void Delay10us()
  15          {
  16   1              unsigned char a,b;
  17   1              for(b=1;b>0;b--)
  18   1                      for(a=2;a>0;a--);
  19   1      
  20   1      }
  21          
  22          /*******************************************************************************
  23          * 函数名         : I2cStart()
  24          * 函数功能               : 起始信号：在SCL时钟信号在高电平期间SDA信号产生一个下降沿
  25          * 输入           : 无
  26          * 输出           : 无
  27          * 备注           : 起始之后SDA和SCL都为0
  28          *******************************************************************************/
  29          
  30          void I2cStart()
  31          {
  32   1              SDA=1;
  33   1              Delay10us();
  34   1              SCL=1;
  35   1              Delay10us();//建立时间是SDA保持时间>4.7us
  36   1              SDA=0;
  37   1              Delay10us();//保持时间是>4us
  38   1              SCL=0;                  
  39   1              Delay10us();            
  40   1      }
  41          /*******************************************************************************
  42          * 函数名         : I2cStop()
  43          * 函数功能               : 终止信号：在SCL时钟信号高电平期间SDA信号产生一个上升沿
  44          * 输入           : 无
  45          * 输出           : 无
  46          * 备注           : 结束之后保持SDA和SCL都为1；表示总线空闲
  47          *******************************************************************************/
  48          
  49          void I2cStop()
  50          {
  51   1              SDA=0;
  52   1              Delay10us();
  53   1              SCL=1;
  54   1              Delay10us();//建立时间大于4.7us
  55   1              SDA=1;
C51 COMPILER V9.00   IIC                                                                   08/04/2018 16:19:03 PAGE 2   

  56   1              Delay10us();            
  57   1      }
  58          /*******************************************************************************
  59          * 函数名         : I2cSendByte(unsigned char dat)
  60          * 函数功能               : 通过I2C发送一个字节。在SCL时钟信号高电平期间，保持发送信号SDA保持稳定
  61          * 输入           : num
  62          * 输出           : 0或1。发送成功返回1，发送失败返回0
  63          * 备注           : 发送完一个字节SCL=0,SDA=1
  64          *******************************************************************************/
  65          
  66          unsigned char I2cSendByte(unsigned char dat)
  67          {
  68   1              unsigned char a=0,b=0;  //最大255，一个机器周期为1us，最大延时255us。           
  69   1              for(a=0;a<8;a++)        //要发送8位，从最高位开始
  70   1              {
  71   2                      SDA=dat>>7;             //起始信号之后SCL=0，所以可以直接改变SDA信号
  72   2                      dat=dat<<1;
  73   2                      Delay10us();
  74   2                      SCL=1;
  75   2                      Delay10us();        //建立时间>4.7us
  76   2                      SCL=0;
  77   2                      Delay10us();        //时间大于4us               
  78   2              }
  79   1              SDA=1;
  80   1              Delay10us();
  81   1              SCL=1;
  82   1              while(SDA)              //等待应答，也就是等待从设备把SDA拉低
  83   1              {
  84   2                      b++;
  85   2                      if(b>200)               //如果超过2000us没有应答发送失败，或者为非应答，表示接收结束
  86   2                      {
  87   3                              SCL=0;
  88   3                              Delay10us();
  89   3                              return 0;
  90   3                      }
  91   2              }
  92   1              SCL=0;
  93   1              Delay10us();
  94   1              return 1;               
  95   1      }
  96          
  97          /*******************************************************************************
  98          * 函数名         : void At24c02Write(unsigned char addr,unsigned char dat)
  99          * 函数功能               : 往芯片2的一个地址写入一个数据
 100          * 输入           : 无
 101          * 输出           : 无
 102          *******************************************************************************/
 103          
 104          void At24c02Write(unsigned char addr,unsigned char dat)
 105          {
 106   1              I2cStart();
 107   1              I2cSendByte(0x00);   //发送写器件地址
 108   1              I2cSendByte(addr);   //发送要写入内存地址
 109   1              I2cSendByte(dat);        //发送数据
 110   1              I2cStop();
 111   1      }
 112          


MODULE INFORMATION:   STATIC OVERLAYABLE
   CODE SIZE        =    129    ----
   CONSTANT SIZE    =   ----    ----
C51 COMPILER V9.00   IIC                                                                   08/04/2018 16:19:03 PAGE 3   

   XDATA SIZE       =   ----    ----
   PDATA SIZE       =   ----    ----
   DATA SIZE        =   ----    ----
   IDATA SIZE       =   ----    ----
   BIT SIZE         =   ----    ----
END OF MODULE INFORMATION.


C51 COMPILATION COMPLETE.  0 WARNING(S),  0 ERROR(S)
