C51 COMPILER V9.00   KEY_SWITCH                                                            08/04/2018 16:19:03 PAGE 1   


C51 COMPILER V9.00, COMPILATION OF MODULE KEY_SWITCH
OBJECT MODULE PLACED IN key_switch.OBJ
COMPILER INVOKED BY: E:\keil\C51\BIN\C51.EXE key_switch.c BROWSE DEBUG OBJECTEXTEND

line level    source

   1          #include "header.h"     
   2          
   3          uint DisplayChoice;      //用于决定当前要显示的数值
   4          
   5          /*******************************************************************************
   6          * 函 数 名         : keypros()
   7          * 函数功能                 : 按键处理函数，选择要显示的数据
   8          *******************************************************************************/
   9          void keypros()
  10          {
  11   1              if(k1 == 0)                //检测按键K1是否按下
  12   1              {       
  13   2                      delay(1000);   //消除抖动 一般大约10ms                                                                                                           
  14   2                      if(k1 == 0)        //再次判断按键是否按下
  15   2                      {
  16   3                              DisplayChoice = 1;
  17   3                      }
  18   2                      while(!k1);        //检测按键是否松开
  19   2              }       
  20   1              
  21   1              if(k2 == 0)                //检测按键K2是否按下
  22   1              {       
  23   2                      delay(1000);   //消除抖动 一般大约10ms
  24   2                      if(k2 == 0)        //再次判断按键是否按下
  25   2                      {
  26   3                              DisplayChoice = 2;
  27   3                              thresholdvalue = 0;       //如果按下k2则将温度阈值置零，温度阈值段码不变
  28   3                      }
  29   2                      while(!k1);        //检测按键是否松开
  30   2              }       
  31   1              
  32   1              if(k3 == 0)                //检测按键K3是否按下
  33   1              {       
  34   2                      delay(1000);   //消除抖动 一般大约10ms
  35   2                      if(k3 == 0)        //再次判断按键是否按下
  36   2                      {
  37   3                              DisplayChoice = 3;
  38   3                              speedvalue = 0;          //如果按下k3则将速度设定值置零，速度设定值段码不变
  39   3                      }
  40   2                      while(!k1);        //检测按键是否松开
  41   2              }
  42   1      }
  43          


MODULE INFORMATION:   STATIC OVERLAYABLE
   CODE SIZE        =     75    ----
   CONSTANT SIZE    =   ----    ----
   XDATA SIZE       =   ----    ----
   PDATA SIZE       =   ----    ----
   DATA SIZE        =      2    ----
   IDATA SIZE       =   ----    ----
   BIT SIZE         =   ----    ----
END OF MODULE INFORMATION.


C51 COMPILATION COMPLETE.  0 WARNING(S),  0 ERROR(S)
