C51 COMPILER V9.00   MAIN                                                                  08/04/2018 16:19:03 PAGE 1   


C51 COMPILER V9.00, COMPILATION OF MODULE MAIN
OBJECT MODULE PLACED IN main.OBJ
COMPILER INVOKED BY: E:\keil\C51\BIN\C51.EXE main.c BROWSE DEBUG OBJECTEXTEND

line level    source

   1          #include "reg51.h"                       //此文件中定义了单片机的一些特殊功能寄存器
   2          #include "header.h"     
   3          
   4          char num=0;
   5          uchar code smgduan[17]={0x3f,0x06,0x5b,0x4f,0x66,0x6d,0x7d,0x07,
   6                                  0x7f,0x6f,0x77,0x7c,0x39,0x5e,0x79,0x71};//显示0~F的值
   7          
   8          /*******************************************************************************
   9          * 函 数 名       : main()
  10          * 函数功能               : 主函数
  11          * 输    入       : 无
  12          * 输    出       : 无
  13          *******************************************************************************/
  14          void main()
  15          {       
  16   1              while(1)
  17   1              {
  18   2                      datapros(Ds18b20ReadTemp());      //数据处理函数
  19   2                      keypros();                                                //按键处理函数，选择要显示的数据
  20   2                      KeyDown();                                                //检测有按键按下并读取键值，用于修改当前显示数据
  21   2                      DisplayValue();
  22   2                      DigDisplay();                     //数码管显示函数      
  23   2                      if(Temp > thresholdvalue)                 //判断是否发送数据
  24   2                      {
  25   3                              At24c02Write(0x01,speedvalue);  //发送速度设定值        
  26   3                      }
  27   2      
  28   2              }               
  29   1      }
  30          
  31          
  32          
  33          


MODULE INFORMATION:   STATIC OVERLAYABLE
   CODE SIZE        =     50    ----
   CONSTANT SIZE    =     17    ----
   XDATA SIZE       =   ----    ----
   PDATA SIZE       =   ----    ----
   DATA SIZE        =      1    ----
   IDATA SIZE       =   ----    ----
   BIT SIZE         =   ----    ----
END OF MODULE INFORMATION.


C51 COMPILATION COMPLETE.  0 WARNING(S),  0 ERROR(S)
